============================= test session starts =============================
platform win32 -- Python 3.11.9, pytest-9.1.1, pluggy-1.6.0 -- C:\Users\DELL\AppData\Local\Microsoft\WindowsApps\PythonSoftwareFoundation.Python.3.11_qbz5n2kfra8p0\python.exe
cachedir: .pytest_cache
rootdir: C:\Users\DELL\Desktop\paybot\backend
configfile: pytest.ini
plugins: anyio-4.14.1, asyncio-1.4.0
asyncio: mode=Mode.STRICT, debug=False, asyncio_default_fixture_loop_scope=function, asyncio_default_test_loop_scope=function
collecting ... collected 133 items

tests/test_bot.py::TestHealth::test_root_health PASSED                   [  0%]
tests/test_bot.py::TestHealth::test_api_v1_health PASSED                 [  1%]
tests/test_bot.py::TestHealth::test_api_v1_health_db PASSED              [  2%]
tests/test_bot.py::TestCreateAccessToken::test_claims_are_integer_timestamps PASSED [  3%]
tests/test_bot.py::TestCreateAccessToken::test_custom_expiry_reflected_in_exp PASSED [  3%]
tests/test_bot.py::TestAuth::test_telegram_login_legacy_disabled PASSED  [  4%]
tests/test_bot.py::TestAuth::test_telegram_widget_login_invalid_hash PASSED [  5%]
tests/test_bot.py::TestAuth::test_telegram_widget_login_unknown_user PASSED [  6%]
tests/test_bot.py::TestAuth::test_me_authenticated ERROR                 [  6%]

=================================== ERRORS ====================================
______________ ERROR at setup of TestAuth.test_me_authenticated _______________

client = <starlette.testclient.TestClient object at 0x00000160919CF9D0>

    @pytest.fixture(scope="module")
    def auth_token(client):
        bot_token = os.environ["TELEGRAM_BOT_TOKEN"]
        auth_date = int(time.time())
        payload = {
            "id": 123456789,
            "auth_date": auth_date,
            "first_name": "Test",
            "username": "test_admin",
        }
        data_check_string = "\n".join(
            f"{key}={value}"
            for key, value in sorted(payload.items())
            if value is not None and value != ""
        )
        secret_key = hashlib.sha256(bot_token.encode("utf-8")).digest()
        payload["hash"] = hmac.new(secret_key, data_check_string.encode("utf-8"), hashlib.sha256).hexdigest()
    
        r = client.post(
            "/api/v1/auth/telegram-login-widget",
            json=payload,
        )
>       assert r.status_code == 200
E       assert 403 == 200
E        +  where 403 = <Response [403 Forbidden]>.status_code

tests\test_bot.py:54: AssertionError
============================== warnings summary ===============================
..\..\..\AppData\Local\Packages\PythonSoftwareFoundation.Python.3.11_qbz5n2kfra8p0\LocalCache\local-packages\Python311\site-packages\fastapi\testclient.py:1
  C:\Users\DELL\AppData\Local\Packages\PythonSoftwareFoundation.Python.3.11_qbz5n2kfra8p0\LocalCache\local-packages\Python311\site-packages\fastapi\testclient.py:1: StarletteDeprecationWarning: Using `httpx` with `starlette.testclient` is deprecated; install `httpx2` instead.
    from starlette.testclient import TestClient as TestClient  # noqa

-- Docs: https://docs.pytest.org/en/stable/how-to/capture-warnings.html
=========================== short test summary info ===========================
ERROR tests/test_bot.py::TestAuth::test_me_authenticated - assert 403 == 200
 +  where 403 = <Response [403 Forbidden]>.status_code
!!!!!!!!!!!!!!!!!!!!!!!!!! stopping after 1 failures !!!!!!!!!!!!!!!!!!!!!!!!!!
==================== 8 passed, 1 warning, 1 error in 8.41s ====================
